[35m[Appium][39m Welcome to Appium v1.21.0
[35m[Appium][39m Non-default server args:
[35m[Appium][39m   port: 60243
[35m[Appium][39m   loglevel: info
[35m[Appium][39m   tmpDir: C:\Users\ososa\AppData\Local\Temp\\Katalon\Appium\Temp1697197037476
[35m[Appium][39m   chromedriverPort: 60244
[35m[Appium][39m Deprecated server args:
[35m[Appium][39m   [31m--chromedriver-port[39m => --default-capabilities
[35m[Appium][39m Default capabilities, which will be added to each request unless overridden by desired capabilities:
[35m[Appium][39m   chromedriverPort: 60244
[35m[Appium][39m Appium REST http interface listener started on 0.0.0.0:60243
[35m[HTTP][39m [37m-->[39m [37mGET[39m [37m/wd/hub/status[39m
[35m[HTTP][39m [90m{}[39m
[35m[HTTP][39m [37m<-- GET /wd/hub/status [39m[32m200[39m [90m7 ms - 68[39m
[35m[HTTP][39m [90m[39m
[35m[HTTP][39m [37m-->[39m [37mGET[39m [37m/wd/hub/status[39m
[35m[HTTP][39m [90m{}[39m
[35m[HTTP][39m [37m<-- GET /wd/hub/status [39m[32m200[39m [90m1 ms - 68[39m
[35m[HTTP][39m [90m[39m
[35m[HTTP][39m [37m-->[39m [37mPOST[39m [37m/wd/hub/session[39m
[35m[HTTP][39m [90m{"desiredCapabilities":{"appPackage":"com.android.settings","appActivitywait":"*","deviceId":"","deviceName":"Xiaomi M2006C3MI (Android 10)","platform":"ANDROID","appActivity":".Settings","newCommandTimeout":1800,"platformVersion":"10","automationName":"uiautomator2","autoGrantPermissions":true,"platformName":"Android","udid":"CYC6S895Q8GQHE9H","systemPort":8245},"capabilities":{"firstMatch":[{"appium:appActivity":".Settings","appActivitywait":"*","appium:appPackage":"com.android.settings","appium:autoGrantPermissions":true,"appium:automationName":"uiautomator2","deviceId":"","appium:deviceName":"Xiaomi M2006C3MI (Android 10)","appium:newCommandTimeout":1800,"platform":"ANDROID","platformName":"android","appium:platformVersion":"10","appium:systemPort":8245,"appium:udid":"CYC6S895Q8GQHE9H"}]}}[39m
[35m[BaseDriver][39m The following capabilities are not standard capabilities and should have an extension prefix:
[35m[BaseDriver][39m   appActivitywait
[35m[BaseDriver][39m   deviceId
[35m[BaseDriver][39m   platform
[35m[BaseDriver][39m   chromedriverPort
[35m[Appium][39m Appium v1.21.0 creating new AndroidUiautomator2Driver (v1.65.0) session
[35m[BaseDriver][39m The following capabilities were provided, but are not recognized by Appium:
[35m[BaseDriver][39m   appActivitywait
[35m[BaseDriver][39m   deviceId
[35m[BaseDriver][39m   platform
[35m[BaseDriver][39m Session created with session id: ccffb04b-8b1c-4b73-9de7-5f35405164a4
[35m[UiAutomator2][39m Starting 'com.android.settings' directly on the device
[35m[ADB][39m Found 1 'build-tools' folders under 'C:\Users\ososa\AppData\Roaming\npm\node_modules\appium' (newest first):
[35m[ADB][39m     C:/Users/ososa/AppData/Roaming/npm/node_modules/appium/build-tools/29.0.3
[35m[ADB][39m Using 'adb.exe' from 'C:\Users\ososa\AppData\Roaming\npm\node_modules\appium\platform-tools\adb.exe'
[35m[AndroidDriver][39m Retrieving device list
[35m[AndroidDriver][39m Using device: CYC6S895Q8GQHE9H
[35m[ADB][39m Using 'adb.exe' from 'C:\Users\ososa\AppData\Roaming\npm\node_modules\appium\platform-tools\adb.exe'
[35m[ADB][39m Getting device platform version
[35m[UiAutomator2][39m Relaxing hidden api policy
[35m[AndroidDriver][39m No app sent in, not parsing package/activity
[35m[ADB][39m Using 'apksigner.jar' from 'C:\Users\ososa\AppData\Roaming\npm\node_modules\appium\build-tools\29.0.3\lib\apksigner.jar'
[35m[ADB][39m 'C:\Users\ososa\AppData\Roaming\npm\node_modules\appium\node_modules\appium-uiautomator2-server\apks\appium-uiautomator2-server-v4.21.1.apk' is signed with the default certificate
[35m[ADB][39m 'C:\Users\ososa\AppData\Roaming\npm\node_modules\appium\node_modules\appium-uiautomator2-server\apks\appium-uiautomator2-server-debug-androidTest.apk' is signed with the default certificate
[35m[UiAutomator2][39m Server packages are not going to be (re)installed
[35m[ADB][39m Adding packages ["io.appium.settings","io.appium.uiautomator2.server","io.appium.uiautomator2.server.test"] to Doze whitelist
[35m[UiAutomator2][39m Starting UIAutomator2 server 4.21.1
[35m[UiAutomator2][39m Using UIAutomator2 server from 'C:\Users\ososa\AppData\Roaming\npm\node_modules\appium\node_modules\appium-uiautomator2-server\apks\appium-uiautomator2-server-v4.21.1.apk' and test from 'C:\Users\ososa\AppData\Roaming\npm\node_modules\appium\node_modules\appium-uiautomator2-server\apks\appium-uiautomator2-server-debug-androidTest.apk'
[35m[UiAutomator2][39m Waiting up to 30000ms for UiAutomator2 to be online...
[35m[WD Proxy][39m socket hang up
[35m[WD Proxy][39m socket hang up
[35m[WD Proxy][39m socket hang up
[35m[WD Proxy][39m socket hang up
[35m[WD Proxy][39m socket hang up
[35m[WD Proxy][39m Determined the downstream protocol as 'W3C'
[35m[AndroidDriver][39m Screen already unlocked, doing nothing
[35m[UiAutomator2][39m Starting 'com.android.settings/.Settings and waiting for 'com.android.settings/.Settings'
[35m[Appium][39m New AndroidUiautomator2Driver session created successfully, session ccffb04b-8b1c-4b73-9de7-5f35405164a4 added to master session list
[35m[HTTP][39m [37m<-- POST /wd/hub/session [39m[32m200[39m [90m14318 ms - 1244[39m
[35m[HTTP][39m [90m[39m
[35m[HTTP][39m [37m-->[39m [37mGET[39m [37m/wd/hub/session/ccffb04b-8b1c-4b73-9de7-5f35405164a4[39m
[35m[HTTP][39m [90m{}[39m
[35m[HTTP][39m [37m<-- GET /wd/hub/session/ccffb04b-8b1c-4b73-9de7-5f35405164a4 [39m[32m200[39m [90m22 ms - 1198[39m
[35m[HTTP][39m [90m[39m
[35m[HTTP][39m [37m-->[39m [37mGET[39m [37m/wd/hub/session/ccffb04b-8b1c-4b73-9de7-5f35405164a4[39m
[35m[HTTP][39m [90m{}[39m
[35m[HTTP][39m [37m<-- GET /wd/hub/session/ccffb04b-8b1c-4b73-9de7-5f35405164a4 [39m[32m200[39m [90m17 ms - 1198[39m
[35m[HTTP][39m [90m[39m
[35m[HTTP][39m [37m-->[39m [37mGET[39m [37m/wd/hub/status[39m
[35m[HTTP][39m [90m{}[39m
[35m[HTTP][39m [37m<-- GET /wd/hub/status [39m[32m200[39m [90m1 ms - 68[39m
[35m[HTTP][39m [90m[39m
[35m[HTTP][39m [37m-->[39m [37mPOST[39m [37m/wd/hub/session/ccffb04b-8b1c-4b73-9de7-5f35405164a4/timeouts[39m
[35m[HTTP][39m [90m{"implicit":60000}[39m
[35m[HTTP][39m [37m<-- POST /wd/hub/session/ccffb04b-8b1c-4b73-9de7-5f35405164a4/timeouts [39m[32m200[39m [90m3 ms - 14[39m
[35m[HTTP][39m [90m[39m
[35m[HTTP][39m [37m-->[39m [37mGET[39m [37m/wd/hub/session/ccffb04b-8b1c-4b73-9de7-5f35405164a4/screenshot[39m
[35m[HTTP][39m [90m{}[39m
[35m[HTTP][39m [37m<-- GET /wd/hub/session/ccffb04b-8b1c-4b73-9de7-5f35405164a4/screenshot [39m[32m200[39m [90m589 ms - 123504[39m
[35m[HTTP][39m [90m[39m
[35m[HTTP][39m [37m-->[39m [37mGET[39m [37m/wd/hub/session/ccffb04b-8b1c-4b73-9de7-5f35405164a4/window/rect[39m
[35m[HTTP][39m [90m{}[39m
[35m[HTTP][39m [37m<-- GET /wd/hub/session/ccffb04b-8b1c-4b73-9de7-5f35405164a4/window/rect [39m[32m200[39m [90m32 ms - 49[39m
[35m[HTTP][39m [90m[39m
[35m[HTTP][39m [37m-->[39m [37mGET[39m [37m/wd/hub/session/ccffb04b-8b1c-4b73-9de7-5f35405164a4/appium/device/system_bars[39m
[35m[HTTP][39m [90m{}[39m
[35m[HTTP][39m [37m<-- GET /wd/hub/session/ccffb04b-8b1c-4b73-9de7-5f35405164a4/appium/device/system_bars [39m[32m200[39m [90m120 ms - 145[39m
[35m[HTTP][39m [90m[39m
[35m[HTTP][39m [37m-->[39m [37mPOST[39m [37m/wd/hub/session/ccffb04b-8b1c-4b73-9de7-5f35405164a4/appium/device/activate_app[39m
[35m[HTTP][39m [90m{"bundleId":"com.osos.spaarksapp"}[39m
[35m[HTTP][39m [37m<-- POST /wd/hub/session/ccffb04b-8b1c-4b73-9de7-5f35405164a4/appium/device/activate_app [39m[32m200[39m [90m693 ms - 14[39m
[35m[HTTP][39m [90m[39m
[35m[HTTP][39m [37m-->[39m [37mGET[39m [37m/wd/hub/session/ccffb04b-8b1c-4b73-9de7-5f35405164a4/source[39m
[35m[HTTP][39m [90m{}[39m
[35m[W3C (ccffb04b)][39m Driver proxy active, passing request on via HTTP proxy
[35m[WD Proxy][39m Replacing sessionId 857056a7-ad7b-4e1a-97b1-7b0cf1c314fe with ccffb04b-8b1c-4b73-9de7-5f35405164a4
[35m[HTTP][39m [37m<-- GET /wd/hub/session/ccffb04b-8b1c-4b73-9de7-5f35405164a4/source [39m[32m200[39m [90m2764 ms - 73160[39m
[35m[HTTP][39m [90m[39m
[35m[HTTP][39m [37m-->[39m [37mGET[39m [37m/wd/hub/session/ccffb04b-8b1c-4b73-9de7-5f35405164a4/screenshot[39m
[35m[HTTP][39m [90m{}[39m
[35m[HTTP][39m [37m<-- GET /wd/hub/session/ccffb04b-8b1c-4b73-9de7-5f35405164a4/screenshot [39m[32m200[39m [90m694 ms - 311238[39m
[35m[HTTP][39m [90m[39m
[35m[HTTP][39m [37m-->[39m [37mGET[39m [37m/wd/hub/session/ccffb04b-8b1c-4b73-9de7-5f35405164a4/source[39m
[35m[HTTP][39m [90m{}[39m
[35m[W3C (ccffb04b)][39m Driver proxy active, passing request on via HTTP proxy
[35m[WD Proxy][39m Replacing sessionId 857056a7-ad7b-4e1a-97b1-7b0cf1c314fe with ccffb04b-8b1c-4b73-9de7-5f35405164a4
[35m[HTTP][39m [37m<-- GET /wd/hub/session/ccffb04b-8b1c-4b73-9de7-5f35405164a4/source [39m[32m200[39m [90m2046 ms - 77539[39m
[35m[HTTP][39m [90m[39m
[35m[HTTP][39m [37m-->[39m [37mGET[39m [37m/wd/hub/session/ccffb04b-8b1c-4b73-9de7-5f35405164a4/screenshot[39m
[35m[HTTP][39m [90m{}[39m
[35m[HTTP][39m [37m<-- GET /wd/hub/session/ccffb04b-8b1c-4b73-9de7-5f35405164a4/screenshot [39m[32m200[39m [90m762 ms - 283346[39m
[35m[HTTP][39m [90m[39m
[35m[HTTP][39m [37m-->[39m [37mPOST[39m [37m/wd/hub/session/ccffb04b-8b1c-4b73-9de7-5f35405164a4/elements[39m
[35m[HTTP][39m [90m{"using":"xpath","value":"//*[@class = 'android.widget.Toast' and (@text = 'Reported' or . = 'Reported')]"}[39m
[35m[HTTP][39m [37m<-- POST /wd/hub/session/ccffb04b-8b1c-4b73-9de7-5f35405164a4/elements [39m[32m200[39m [90m20069 ms - 139[39m
[35m[HTTP][39m [90m[39m
[35m[HTTP][39m [37m-->[39m [37mPOST[39m [37m/wd/hub/session/ccffb04b-8b1c-4b73-9de7-5f35405164a4/timeouts[39m
[35m[HTTP][39m [90m{"implicit":1000}[39m
[35m[HTTP][39m [37m<-- POST /wd/hub/session/ccffb04b-8b1c-4b73-9de7-5f35405164a4/timeouts [39m[32m200[39m [90m7 ms - 14[39m
[35m[HTTP][39m [90m[39m
[35m[HTTP][39m [37m-->[39m [37mPOST[39m [37m/wd/hub/session/ccffb04b-8b1c-4b73-9de7-5f35405164a4/elements[39m
[35m[HTTP][39m [90m{"using":"xpath","value":"//hierarchy/android.widget.Toast[1]"}[39m
[35m[HTTP][39m [37m<-- POST /wd/hub/session/ccffb04b-8b1c-4b73-9de7-5f35405164a4/elements [39m[32m200[39m [90m996 ms - 139[39m
[35m[HTTP][39m [90m[39m
[35m[HTTP][39m [37m-->[39m [37mGET[39m [37m/wd/hub/session/ccffb04b-8b1c-4b73-9de7-5f35405164a4/element/a31413d1-b59e-49d0-bd7c-d488b31160cc/location[39m
[35m[HTTP][39m [90m{}[39m
[35m[W3C (ccffb04b)][39m Driver proxy active, passing request on via HTTP proxy
[35m[WD Proxy][39m Got response with status 404: {"sessionId":"857056a7-ad7b-4e1a-97b1-7b0cf1c314fe","value":{"error":"stale element reference","message":"Cached elements 'By.xpath: //hierarchy/android.widget.Toast[1]' do not exist in DOM anymore","stacktrace":"io.appium.uiautomator2.common.exceptions.StaleElementReferenceException: Cached elements 'By.xpath: //hierarchy/android.widget.Toast[1]' do not exist in DOM anymore\n\tat io.appium.uiautomator2.model.ElementsCache.restore(ElementsCache.java:71)\n\tat io.appium.uiautomator2.model.ElementsCache.get(ElementsCache.java:139)\n\tat io.appium.uiautomator2.handler.Location.safeHandle(Location.java:23)\n\tat io.appium.uiautomator2.handler.request.SafeRequestHandler.handle(SafeRequestHandler.java:41)\n\tat io.appium.uiautomator2.server.AppiumServlet.handleRequest(AppiumServlet.java:262)\n\tat io.appium.uiautomator2.server.AppiumServlet.handleHttpRequest(AppiumServlet.java:256)\n\tat io.appium.uiautomator2.http.ServerHandler.channelRead(ServerHandler.java:68)\n\tat io.netty.channel.AbstractChannelHandlerCont...
[35m[HTTP][39m [37m<-- GET /wd/hub/session/ccffb04b-8b1c-4b73-9de7-5f35405164a4/element/a31413d1-b59e-49d0-bd7c-d488b31160cc/location [39m[33m404[39m [90m931 ms - 3969[39m
[35m[HTTP][39m [90m[39m
